<?xml version="1.0" encoding="UTF-8"?>
<testsuite hostname="hp-PC" name="com.appium.testcases.ApiDemoTest" tests="3" failures="0" timestamp="2 Dec 2019 08:50:45 GMT" time="171.967" errors="0">
  <testcase name="apidemotestvalidation" time="34.937" classname="com.appium.testcases.ApiDemoTest"/>
  <testcase name="apidemotestvalidation" time="39.575" classname="com.appium.testcases.ApiDemoTest"/>
  <testcase name="testValidation" time="91.292" classname="com.appium.testcases.VerifyAmount"/>
</testsuite>
