<?xml version="1.0" encoding="UTF-8"?>
<testsuite xmlns:xsi="http://www.w3.org/2001/XMLSchema-instance" xsi:noNamespaceSchemaLocation="https://maven.apache.org/surefire/maven-surefire-plugin/xsd/surefire-test-report-3.0.xsd" version="3.0" name="TestSuite" time="202.135" tests="3" errors="0" skipped="0" failures="0">
  <properties>
[...]
</properties>
  <testcase name="apidemotestvalidation" classname="com.appium.testcases.ApiDemoTest" time="58.411"/>
  <testcase name="apidemotestvalidation" classname="com.appium.testcases.ApiDemoTest" time="40.383"/>
  <testcase name="testValidation" classname="com.appium.testcases.VerifyAmount" time="92.636"/>
</testsuite>